


ARM Macro Assembler    Page 1 


    1 00000000         ;; Ma hoa caesar voi khoa k
    2 00000000                 AREA             RESET, DATA, READONLY
    3 00000000 20001000        DCD              0x20001000
    4 00000004 00000000        DCD              Reset_Handler
    5 00000008                 ALIGN
    6 00000008 00000003 
                       K       DCD              3
    7 0000000C 48 45 4C 
              4C 4F 20 
              46 52 49 
              45 4E 44 
              00       XauRo   DCB              "HELLO FRIEND",0
    8 00000019                 AREA             STORE, DATA, READWRITE
    9 00000000 00 00 00 
              00 00 00 
              00 00 00 
              00 00 00 
              00 00 00 
              00 00 00 
              00 00 00 
              00 00 00 
              00 00 00 
              00 00 00 
              00 00 00 
              00 00 00 
              00 00 00 
              00 00 00 
              00 00 00 
              00 00 00 
              00 00 00 
              00 00 00 
              00 00 00 
              00 00 00 
              00 00 00 
              00 00 00 
              00 00 00 
              00 00 00 
              00 00 00 
              00 00 00 
              00 00 00 
              00 00 00 
              00 00 00 
              00 00 00 
              00 00 00 
              00 00 00 
              00 00 00 
              00       XauMa   SPACE            100
   10 00000064                 AREA             MYCODE, CODE, READONLY
   11 00000000                 EXPORT           Reset_Handler
   12 00000000                 ENTRY
   13 00000000         Reset_Handler
   14 00000000 F85F 0004       LDR              R0, K
   15 00000004 490F            LDR              R1,=XauRo
   16 00000006 4A10            LDR              R2,=XauMa
   17 00000008         LOOP
   18 00000008 F811 3B01       LDRB             R3, [R1], #1
   19 0000000C 2B00            CMP              R3, #0
   20 0000000E D014            BEQ              STOP
   21 00000010 2B41            CMP              R3, #0x41   ; A



ARM Macro Assembler    Page 2 


   22 00000012 DB10            BLT              CONTINUE    ;Tu khong hop le bo
                                                             qua
   23 00000014 2B5A            CMP              R3, #0x5A   ;Z
   24 00000016 DD04            BLE              IN_THUONG   ; A-Z
   25 00000018 2B61            CMP              R3, #0x61   ; a
   26 0000001A DB0C            BLT              CONTINUE    ;
   27 0000001C 2B7A            CMP              R3, #0x7A   ; z
   28 0000001E DD05            BLE              IN_HOA
   29 00000020 E009            B                CONTINUE
   30 00000022         IN_THUONG
   31 00000022 4403            ADD              R3, R0
   32 00000024 2B7A            CMP              R3, #0x7A   ; xem co qua tu z k
                                                            hong
   33 00000026 BFC8 3B1A       SUBGT            R3, #26     ; quay lai tu a
   34 0000002A E004            B                CONTINUE
   35 0000002C         IN_HOA
   36 0000002C 4403            ADD              R3, R0
   37 0000002E 2B5A            CMP              R3, #0x5A   ; xem co qua tu Z k
                                                            hong
   38 00000030 BFC8 3B1A       SUBGT            R3, #26     ; quay lai tu A
   39 00000034 E7FF            B                CONTINUE
   40 00000036         CONTINUE
   41 00000036 F802 3B01       STRB             R3, [R2], #1 ; Luu tu vao
   42 0000003A         ;B LOOP
   43 0000003A         STOP
   44 0000003A F04F 0300       MOV              R3, #0
   45 0000003E 7013            STRB             R3, [R2]
   46 00000040 DF11            SWI              &11
   47 00000042                 END
              00 00 00000000 
              00000000 
Command Line: --debug --xref --cpu=Cortex-M3 --apcs=interwork --depend=.\lab2ba
i3.d -o.\lab2bai3.o -IC:\Keil\ARM\RV31\INC -IC:\Keil\ARM\CMSIS\Include -IC:\Kei
l\ARM\Inc\ST\STM32F10x --list=.\lab2bai3.lst lab2bai3.s



ARM Macro Assembler    Page 1 Alphabetic symbol ordering
Relocatable symbols

K 00000008

Symbol: K
   Definitions
      At line 6 in file lab2bai3.s
   Uses
      At line 14 in file lab2bai3.s
Comment: K used once
RESET 00000000

Symbol: RESET
   Definitions
      At line 2 in file lab2bai3.s
   Uses
      None
Comment: RESET unused
XauRo 0000000C

Symbol: XauRo
   Definitions
      At line 7 in file lab2bai3.s
   Uses
      At line 15 in file lab2bai3.s
Comment: XauRo used once
3 symbols



ARM Macro Assembler    Page 1 Alphabetic symbol ordering
Relocatable symbols

STORE 00000000

Symbol: STORE
   Definitions
      At line 8 in file lab2bai3.s
   Uses
      None
Comment: STORE unused
XauMa 00000000

Symbol: XauMa
   Definitions
      At line 9 in file lab2bai3.s
   Uses
      At line 16 in file lab2bai3.s
Comment: XauMa used once
2 symbols



ARM Macro Assembler    Page 1 Alphabetic symbol ordering
Relocatable symbols

CONTINUE 00000036

Symbol: CONTINUE
   Definitions
      At line 40 in file lab2bai3.s
   Uses
      At line 22 in file lab2bai3.s
      At line 26 in file lab2bai3.s
      At line 29 in file lab2bai3.s
      At line 34 in file lab2bai3.s
      At line 39 in file lab2bai3.s

IN_HOA 0000002C

Symbol: IN_HOA
   Definitions
      At line 35 in file lab2bai3.s
   Uses
      At line 28 in file lab2bai3.s
Comment: IN_HOA used once
IN_THUONG 00000022

Symbol: IN_THUONG
   Definitions
      At line 30 in file lab2bai3.s
   Uses
      At line 24 in file lab2bai3.s
Comment: IN_THUONG used once
LOOP 00000008

Symbol: LOOP
   Definitions
      At line 17 in file lab2bai3.s
   Uses
      None
Comment: LOOP unused
MYCODE 00000000

Symbol: MYCODE
   Definitions
      At line 10 in file lab2bai3.s
   Uses
      None
Comment: MYCODE unused
Reset_Handler 00000000

Symbol: Reset_Handler
   Definitions
      At line 13 in file lab2bai3.s
   Uses
      At line 4 in file lab2bai3.s
      At line 11 in file lab2bai3.s

STOP 0000003A

Symbol: STOP
   Definitions
      At line 43 in file lab2bai3.s
   Uses



ARM Macro Assembler    Page 2 Alphabetic symbol ordering
Relocatable symbols

      At line 20 in file lab2bai3.s
Comment: STOP used once
7 symbols
344 symbols in table
