


ARM Macro Assembler    Page 1 


    1 00000000                 AREA             RESET, DATA, READONLY
    2 00000000 20002000        DCD              0X20002000
    3 00000004 00000000        DCD              MAIN
    4 00000008         
    5 00000008 00000025 
                       N       DCD              37
    6 0000000C                 AREA             MYCODE, CODE, READONLY
    7 00000000                 ENTRY
    8 00000000         
    9 00000000         MAIN
   10 00000000         
   11 00000000 F85F 1004       LDR              R1 ,N
   12 00000004 F04F 0200       MOV              R2 ,#0      ; Total so nguyen t
                                                            o 
   13 00000008 F04F 0300       MOV              R3,#0
   14 0000000C F04F 0401       MOV              R4 , #1     ;sodu
   15 00000010 F04F 0500       MOV              R5 ,#0      ; solay tru 3
   16 00000014 F04F 0600       MOV              R6,#0       ; so tru5
   17 00000018 F04F 0700       MOV              R7 ,#0      ; sotru 7
   18 0000001C         
   19 0000001C 2901            CMP              R1, #1
   20 0000001E D028            BEQ              STOP        ; =1
   21 00000020 2902            CMP              R1, #2
   22 00000022 D028            BEQ              STOP1       ; =2
   23 00000024 F101 0101       ADD              R1 ,#1
   24 00000028         
   25 00000028 2902            CMP              R1 , #2
   26 0000002A DCFF            BGT              Forlooptim
   27 0000002C         
   28 0000002C         
   29 0000002C         Forlooptim
   30 0000002C         
   31 0000002C F1A1 0101       SUB              R1 ,#1
   32 00000030 DB1F            BLT              DUNG
   33 00000032 2C00            CMP              R4 ,#0      ; tong du cua ca 3 
                                                            =0 co count
   34 00000034 D000            BEQ              tong
   35 00000036 DC02            BGT              LOOP
   36 00000038         
   37 00000038         
   38 00000038         tong
   39 00000038 F102 0201       ADD              R2,#1
   40 0000003C DCFF            BGT              LOOP
   41 0000003E         
   42 0000003E         LOOP
   43 0000003E EBA4 0404       SUB              R4 ,R4
   44 00000042 440D            ADD              R5 ,R1
   45 00000044 F1A5 0503       SUB              R5, #3
   46 00000048 2D03            CMP              R5 , #3
   47 0000004A D2F8            BHS              LOOP
   48 0000004C DBFF            BLT              sodu
   49 0000004E         
   50 0000004E         sodu
   51 0000004E 442C            ADD              R4, R5
   52 00000050 DCFF            BGT              LOOPP
   53 00000052         
   54 00000052         LOOPP
   55 00000052         
   56 00000052 440E            ADD              R6 ,R1



ARM Macro Assembler    Page 2 


   57 00000054 F1A6 0605       SUB              R6, #5
   58 00000058 2E05            CMP              R6 , #5
   59 0000005A D2FA            BHS              LOOPP
   60 0000005C DBFF            BLT              soduu
   61 0000005E         
   62 0000005E         soduu
   63 0000005E 4434            ADD              R4, R6
   64 00000060 DCFF            BGT              LOOPPP
   65 00000062         
   66 00000062         LOOPPP
   67 00000062 440F            ADD              R7 ,R1
   68 00000064 F1A7 0707       SUB              R7, #7
   69 00000068 2F07            CMP              R7 , #7
   70 0000006A D2FA            BHS              LOOPPP
   71 0000006C DBFF            BLT              soduuu
   72 0000006E         
   73 0000006E         soduuu
   74 0000006E 443C            ADD              R4, R7
   75 00000070 DCDC            BGT              Forlooptim
   76 00000072         
   77 00000072         
   78 00000072         DUNG
   79 00000072         
   80 00000072         
   81 00000072         STOP
   82 00000072 F102 0200       ADD              R2 , #0
   83 00000076         STOP1
   84 00000076 F101 0101       ADD              R1 , #1
   85 0000007A         
   86 0000007A         
   87 0000007A         
   88 0000007A BF00            NOP
   89 0000007C                 END
Command Line: --debug --xref --cpu=Cortex-M3 --apcs=interwork --depend=.\lab5ba
i3.d -o.\lab5bai3.o -IC:\Keil\ARM\RV31\INC -IC:\Keil\ARM\CMSIS\Include -IC:\Kei
l\ARM\Inc\ST\STM32F10x --list=.\lab5bai3.lst lab5bai3.s



ARM Macro Assembler    Page 1 Alphabetic symbol ordering
Relocatable symbols

N 00000008

Symbol: N
   Definitions
      At line 5 in file lab5bai3.s
   Uses
      At line 11 in file lab5bai3.s
Comment: N used once
RESET 00000000

Symbol: RESET
   Definitions
      At line 1 in file lab5bai3.s
   Uses
      None
Comment: RESET unused
2 symbols



ARM Macro Assembler    Page 1 Alphabetic symbol ordering
Relocatable symbols

DUNG 00000072

Symbol: DUNG
   Definitions
      At line 78 in file lab5bai3.s
   Uses
      At line 32 in file lab5bai3.s
Comment: DUNG used once
Forlooptim 0000002C

Symbol: Forlooptim
   Definitions
      At line 29 in file lab5bai3.s
   Uses
      At line 26 in file lab5bai3.s
      At line 75 in file lab5bai3.s

LOOP 0000003E

Symbol: LOOP
   Definitions
      At line 42 in file lab5bai3.s
   Uses
      At line 35 in file lab5bai3.s
      At line 40 in file lab5bai3.s
      At line 47 in file lab5bai3.s

LOOPP 00000052

Symbol: LOOPP
   Definitions
      At line 54 in file lab5bai3.s
   Uses
      At line 52 in file lab5bai3.s
      At line 59 in file lab5bai3.s

LOOPPP 00000062

Symbol: LOOPPP
   Definitions
      At line 66 in file lab5bai3.s
   Uses
      At line 64 in file lab5bai3.s
      At line 70 in file lab5bai3.s

MAIN 00000000

Symbol: MAIN
   Definitions
      At line 9 in file lab5bai3.s
   Uses
      At line 3 in file lab5bai3.s
Comment: MAIN used once
MYCODE 00000000

Symbol: MYCODE
   Definitions
      At line 6 in file lab5bai3.s
   Uses



ARM Macro Assembler    Page 2 Alphabetic symbol ordering
Relocatable symbols

      None
Comment: MYCODE unused
STOP 00000072

Symbol: STOP
   Definitions
      At line 81 in file lab5bai3.s
   Uses
      At line 20 in file lab5bai3.s
Comment: STOP used once
STOP1 00000076

Symbol: STOP1
   Definitions
      At line 83 in file lab5bai3.s
   Uses
      At line 22 in file lab5bai3.s
Comment: STOP1 used once
sodu 0000004E

Symbol: sodu
   Definitions
      At line 50 in file lab5bai3.s
   Uses
      At line 48 in file lab5bai3.s
Comment: sodu used once
soduu 0000005E

Symbol: soduu
   Definitions
      At line 62 in file lab5bai3.s
   Uses
      At line 60 in file lab5bai3.s
Comment: soduu used once
soduuu 0000006E

Symbol: soduuu
   Definitions
      At line 73 in file lab5bai3.s
   Uses
      At line 71 in file lab5bai3.s
Comment: soduuu used once
tong 00000038

Symbol: tong
   Definitions
      At line 38 in file lab5bai3.s
   Uses
      At line 34 in file lab5bai3.s
Comment: tong used once
13 symbols
345 symbols in table
